<?xml version="1.0" encoding="UTF-8"?>
<coverage generated="1526591786052" clover="3.2.0">
  <project timestamp="1526591786052" name="All files">
    <metrics statements="10" coveredstatements="2" conditionals="0" coveredconditionals="0" methods="3" coveredmethods="1" elements="13" coveredelements="3" complexity="0" loc="10" ncloc="10" packages="1" files="2" classes="2">
      <file name="aux.ts" path="/Users/crivera/Development/Node/DockerTest/src/aux.ts">
        <metrics statements="2" coveredstatements="2" conditionals="0" coveredconditionals="0" methods="1" coveredmethods="1"/>
        <line num="1" count="1" type="stmt"/>
        <line num="2" count="1" type="stmt"/>
      </file>
      <file name="index.ts" path="/Users/crivera/Development/Node/DockerTest/src/index.ts">
        <metrics statements="8" coveredstatements="0" conditionals="0" coveredconditionals="0" methods="2" coveredmethods="0"/>
        <line num="1" count="0" type="stmt"/>
        <line num="2" count="0" type="stmt"/>
        <line num="3" count="0" type="stmt"/>
        <line num="5" count="0" type="stmt"/>
        <line num="6" count="0" type="stmt"/>
        <line num="8" count="0" type="stmt"/>
        <line num="9" count="0" type="stmt"/>
        <line num="14" count="0" type="stmt"/>
      </file>
    </metrics>
  </project>
</coverage>
