{"/Users/crivera/Development/Node/DockerTest/src/aux.ts": {"path":"/Users/crivera/Development/Node/DockerTest/src/aux.ts","statementMap":{"0":{"start":{"line":2,"column":2},"end":{"line":2,"column":14}},"1":{"start":{"line":1,"column":0},"end":{"line":3,"column":1}}},"fnMap":{"0":{"name":"add","decl":{"start":{"line":1,"column":0},"end":{"line":1,"column":27}},"loc":{"start":{"line":1,"column":48},"end":{"line":3,"column":1}}}},"branchMap":{},"s":{"0":1,"1":1},"f":{"0":1},"b":{}}
,"/Users/crivera/Development/Node/DockerTest/src/index.ts": {"path":"/Users/crivera/Development/Node/DockerTest/src/index.ts","statementMap":{"0":{"start":{"line":1,"column":0},"end":{"line":1,"column":-1}},"1":{"start":{"line":2,"column":0},"end":{"line":2,"column":-1}},"2":{"start":{"line":3,"column":0},"end":{"line":3,"column":-1}},"3":{"start":{"line":5,"column":0},"end":{"line":null,"column":-1}},"4":{"start":{"line":6,"column":12},"end":{"line":6,"column":0}},"5":{"start":{"line":8,"column":0},"end":{"line":null,"column":-1}},"6":{"start":{"line":8,"column":20},"end":{"line":8,"column":0}},"7":{"start":{"line":9,"column":2},"end":{"line":null,"column":-1}},"8":{"start":{"line":14,"column":0},"end":{"line":null,"column":-1}}},"fnMap":{"0":{"name":"(anonymous_0)","decl":{"start":{"line":8,"column":14},"end":{"line":8,"column":7}},"loc":{"start":{"line":8,"column":20},"end":{"line":8,"column":0}}},"1":{"name":"(anonymous_1)","decl":{"start":{"line":8,"column":20},"end":{"line":8,"column":19}},"loc":{"start":{"line":8,"column":20},"end":{"line":8,"column":19}}}},"branchMap":{},"s":{"0":0,"1":0,"2":0,"3":0,"4":0,"5":0,"6":0,"7":0,"8":0},"f":{"0":0,"1":0},"b":{}}
}
